-------------------------------------------------------------------------------
Test set: TestSuite
-------------------------------------------------------------------------------
Tests run: 1, Failures: 1, Errors: 0, Skipped: 0, Time elapsed: 13.273 s <<< FAILURE! - in TestSuite
login(tests.LoginTestWithDataDriven)  Time elapsed: 7.958 s  <<< FAILURE!
java.lang.AssertionError: expected:<AUTHENTICATION> but was:<MY ACCOUNT>
	at tests.LoginTestWithDataDriven.login(LoginTestWithDataDriven.java:44)

